<?xml version="1.0" encoding="UTF-8"?>
<testsuite name="problem2.BoatTest" tests="3" skipped="0" failures="0" errors="0" timestamp="2023-02-02T06:27:24" hostname="Jinmings-MacBook-Pro.local" time="0.002">
  <properties/>
  <testcase name="getNumberOfPassenger()" classname="problem2.BoatTest" time="0.001"/>
  <testcase name="getType()" classname="problem2.BoatTest" time="0.0"/>
  <testcase name="getLength()" classname="problem2.BoatTest" time="0.0"/>
  <system-out><![CDATA[]]></system-out>
  <system-err><![CDATA[]]></system-err>
</testsuite>
