<?xml version="1.0" encoding="UTF-8"?>
<testsuite name="problem3.IndividualFilterTest" tests="2" skipped="0" failures="0" errors="0" timestamp="2023-02-02T06:27:24" hostname="Jinmings-MacBook-Pro.local" time="0.0">
  <properties/>
  <testcase name="calculateTaxes()" classname="problem3.IndividualFilterTest" time="0.0"/>
  <testcase name="calculateRetirementAndHealthSavingsDeduction()" classname="problem3.IndividualFilterTest" time="0.0"/>
  <system-out><![CDATA[]]></system-out>
  <system-err><![CDATA[]]></system-err>
</testsuite>
