<?xml version="1.0" encoding="UTF-8"?>
<testsuite name="problem3.ContactInfoTest" tests="4" skipped="0" failures="0" errors="0" timestamp="2023-02-02T06:27:24" hostname="Jinmings-MacBook-Pro.local" time="0.002">
  <properties/>
  <testcase name="getPhoneNumber()" classname="problem3.ContactInfoTest" time="0.0"/>
  <testcase name="getAddress()" classname="problem3.ContactInfoTest" time="0.0"/>
  <testcase name="getName()" classname="problem3.ContactInfoTest" time="0.0"/>
  <testcase name="getEmailAddress()" classname="problem3.ContactInfoTest" time="0.001"/>
  <system-out><![CDATA[]]></system-out>
  <system-err><![CDATA[]]></system-err>
</testsuite>
