<?xml version="1.0" encoding="UTF-8"?>
<testsuite name="problem2.NewCarTest" tests="1" skipped="0" failures="0" errors="0" timestamp="2023-02-02T06:27:24" hostname="Jinmings-MacBook-Pro.local" time="0.0">
  <properties/>
  <testcase name="getAvailableCars()" classname="problem2.NewCarTest" time="0.0"/>
  <system-out><![CDATA[]]></system-out>
  <system-err><![CDATA[]]></system-err>
</testsuite>
