<?xml version="1.0" encoding="UTF-8"?>
<testsuite name="problem2.VehicleTest" tests="4" skipped="0" failures="0" errors="0" timestamp="2023-02-02T06:27:24" hostname="Jinmings-MacBook-Pro.local" time="0.002">
  <properties/>
  <testcase name="getManufacturingYear()" classname="problem2.VehicleTest" time="0.0"/>
  <testcase name="getMSRP()" classname="problem2.VehicleTest" time="0.0"/>
  <testcase name="getID()" classname="problem2.VehicleTest" time="0.0"/>
  <testcase name="getMakeModel()" classname="problem2.VehicleTest" time="0.001"/>
  <system-out><![CDATA[]]></system-out>
  <system-err><![CDATA[]]></system-err>
</testsuite>
