<?xml version="1.0" encoding="UTF-8"?>
<testsuite name="problem1.MileBalanceTest" tests="6" skipped="0" failures="0" errors="0" timestamp="2023-02-02T06:27:24" hostname="Jinmings-MacBook-Pro.local" time="0.003">
  <properties/>
  <testcase name="getMilesThisYear()" classname="problem1.MileBalanceTest" time="0.0"/>
  <testcase name="getTotalMiles()" classname="problem1.MileBalanceTest" time="0.0"/>
  <testcase name="getMilesExpiring()" classname="problem1.MileBalanceTest" time="0.0"/>
  <testcase name="setTotalMiles()" classname="problem1.MileBalanceTest" time="0.0"/>
  <testcase name="setMilesThisYear()" classname="problem1.MileBalanceTest" time="0.001"/>
  <testcase name="setMilesExpiring()" classname="problem1.MileBalanceTest" time="0.0"/>
  <system-out><![CDATA[]]></system-out>
  <system-err><![CDATA[]]></system-err>
</testsuite>
