<?xml version="1.0" encoding="UTF-8"?>
<testsuite name="problem1.FrequentFlyerTest" tests="2" skipped="0" failures="0" errors="0" timestamp="2023-02-02T06:27:24" hostname="Jinmings-MacBook-Pro.local" time="0.0">
  <properties/>
  <testcase name="transferMiles()" classname="problem1.FrequentFlyerTest" time="0.0"/>
  <testcase name="getMileBalance()" classname="problem1.FrequentFlyerTest" time="0.0"/>
  <system-out><![CDATA[you dont have enough miles!
]]></system-out>
  <system-err><![CDATA[]]></system-err>
</testsuite>
