<?xml version="1.0" encoding="UTF-8"?>
<testsuite name="assignment5.concurrentSolution.DataSetAnalyzerTest" tests="5" skipped="0" failures="0" errors="0" timestamp="2023-04-10T23:32:13" hostname="Jinmings-MacBook-Pro.local" time="0.016">
  <properties/>
  <testcase name="processThreshold()" classname="assignment5.concurrentSolution.DataSetAnalyzerTest" time="0.005"/>
  <testcase name="testToString()" classname="assignment5.concurrentSolution.DataSetAnalyzerTest" time="0.003"/>
  <testcase name="process()" classname="assignment5.concurrentSolution.DataSetAnalyzerTest" time="0.003"/>
  <testcase name="testHashCode()" classname="assignment5.concurrentSolution.DataSetAnalyzerTest" time="0.001"/>
  <testcase name="testEquals()" classname="assignment5.concurrentSolution.DataSetAnalyzerTest" time="0.002"/>
  <system-out><![CDATA[]]></system-out>
  <system-err><![CDATA[]]></system-err>
</testsuite>
