<?xml version="1.0" encoding="UTF-8"?>
<testsuite name="assignment5.concurrentSolution.CSVConcurrentReaderTest" tests="4" skipped="0" failures="0" errors="0" timestamp="2023-04-10T23:32:13" hostname="Jinmings-MacBook-Pro.local" time="0.02">
  <properties/>
  <testcase name="testToString()" classname="assignment5.concurrentSolution.CSVConcurrentReaderTest" time="0.007"/>
  <testcase name="testReadCSVFileToMap()" classname="assignment5.concurrentSolution.CSVConcurrentReaderTest" time="0.004"/>
  <testcase name="testHashCode()" classname="assignment5.concurrentSolution.CSVConcurrentReaderTest" time="0.004"/>
  <testcase name="testEquals()" classname="assignment5.concurrentSolution.CSVConcurrentReaderTest" time="0.002"/>
  <system-out><![CDATA[]]></system-out>
  <system-err><![CDATA[]]></system-err>
</testsuite>
