<?xml version="1.0" encoding="UTF-8"?>
<testsuite name="StockItemTest" tests="7" skipped="0" failures="0" errors="0" timestamp="2023-02-27T19:48:13" hostname="Jinmings-MacBook-Pro.local" time="0.005">
  <properties/>
  <testcase name="decreaseQuantity()" classname="StockItemTest" time="0.002"/>
  <testcase name="increaseQuantity()" classname="StockItemTest" time="0.0"/>
  <testcase name="checkEnoughStock()" classname="StockItemTest" time="0.0"/>
  <testcase name="getProduct()" classname="StockItemTest" time="0.001"/>
  <testcase name="getQuantity()" classname="StockItemTest" time="0.0"/>
  <testcase name="testHashCode()" classname="StockItemTest" time="0.0"/>
  <testcase name="testEquals()" classname="StockItemTest" time="0.0"/>
  <system-out><![CDATA[Not enough stock
Not enough stock
Not enough stock
]]></system-out>
  <system-err><![CDATA[]]></system-err>
</testsuite>
