<?xml version="1.0" encoding="UTF-8"?>
<testsuite name="ShoppingCartTest" tests="5" skipped="0" failures="0" errors="0" timestamp="2023-02-27T19:48:13" hostname="Jinmings-MacBook-Pro.local" time="0.002">
  <properties/>
  <testcase name="addItem()" classname="ShoppingCartTest" time="0.0"/>
  <testcase name="calculatePrice()" classname="ShoppingCartTest" time="0.0"/>
  <testcase name="testHashCode()" classname="ShoppingCartTest" time="0.0"/>
  <testcase name="testEquals()" classname="ShoppingCartTest" time="0.0"/>
  <testcase name="getCartMap()" classname="ShoppingCartTest" time="0.0"/>
  <system-out><![CDATA[]]></system-out>
  <system-err><![CDATA[]]></system-err>
</testsuite>
