<?xml version="1.0" encoding="UTF-8"?>
<testsuite name="InventoryTest" tests="7" skipped="0" failures="0" errors="0" timestamp="2023-02-27T19:48:13" hostname="Jinmings-MacBook-Pro.local" time="0.004">
  <properties/>
  <testcase name="addStock()" classname="InventoryTest" time="0.0"/>
  <testcase name="getTotalPrice()" classname="InventoryTest" time="0.001"/>
  <testcase name="substitute()" classname="InventoryTest" time="0.0"/>
  <testcase name="getHouseholdStock()" classname="InventoryTest" time="0.0"/>
  <testcase name="testHashCode()" classname="InventoryTest" time="0.001"/>
  <testcase name="testEquals()" classname="InventoryTest" time="0.0"/>
  <testcase name="getGroceryStock()" classname="InventoryTest" time="0.001"/>
  <system-out><![CDATA[]]></system-out>
  <system-err><![CDATA[]]></system-err>
</testsuite>
