<?xml version="1.0" encoding="UTF-8"?>
<testsuite name="ProductTest" tests="6" skipped="0" failures="0" errors="0" timestamp="2023-02-27T19:48:13" hostname="Jinmings-MacBook-Pro.local" time="0.002">
  <properties/>
  <testcase name="getProductName()" classname="ProductTest" time="0.0"/>
  <testcase name="getMinimumAge()" classname="ProductTest" time="0.0"/>
  <testcase name="getManufacturer()" classname="ProductTest" time="0.0"/>
  <testcase name="testHashCode()" classname="ProductTest" time="0.0"/>
  <testcase name="testEquals()" classname="ProductTest" time="0.0"/>
  <testcase name="getPrice()" classname="ProductTest" time="0.0"/>
  <system-out><![CDATA[]]></system-out>
  <system-err><![CDATA[]]></system-err>
</testsuite>
