<?xml version="1.0" encoding="UTF-8"?>
<testsuite name="ReceiptTest" tests="6" skipped="0" failures="0" errors="0" timestamp="2023-02-27T19:48:13" hostname="Jinmings-MacBook-Pro.local" time="0.003">
  <properties/>
  <testcase name="getProductReceived()" classname="ReceiptTest" time="0.0"/>
  <testcase name="getTotalPrice()" classname="ReceiptTest" time="0.0"/>
  <testcase name="getProductOutOfStock()" classname="ReceiptTest" time="0.0"/>
  <testcase name="getProductRemoved()" classname="ReceiptTest" time="0.0"/>
  <testcase name="testHashCode()" classname="ReceiptTest" time="0.0"/>
  <testcase name="testEquals()" classname="ReceiptTest" time="0.0"/>
  <system-out><![CDATA[]]></system-out>
  <system-err><![CDATA[]]></system-err>
</testsuite>
