<?xml version="1.0" encoding="UTF-8"?>
<testsuite name="problem3.NameTest" tests="2" skipped="0" failures="0" errors="0" timestamp="2023-02-02T06:27:24" hostname="Jinmings-MacBook-Pro.local" time="0.001">
  <properties/>
  <testcase name="getFirstName()" classname="problem3.NameTest" time="0.0"/>
  <testcase name="getLastName()" classname="problem3.NameTest" time="0.001"/>
  <system-out><![CDATA[]]></system-out>
  <system-err><![CDATA[]]></system-err>
</testsuite>
