<?xml version="1.0" encoding="UTF-8"?>
<testsuite name="lab4.problem1.StackTest" tests="3" skipped="0" failures="0" errors="0" timestamp="2023-03-03T18:21:58" hostname="Jinmings-MacBook-Pro.local" time="0.003">
  <properties/>
  <testcase name="remove()" classname="lab4.problem1.StackTest" time="0.001"/>
  <testcase name="top()" classname="lab4.problem1.StackTest" time="0.0"/>
  <testcase name="push()" classname="lab4.problem1.StackTest" time="0.001"/>
  <system-out><![CDATA[]]></system-out>
  <system-err><![CDATA[]]></system-err>
</testsuite>
