<?xml version="1.0" encoding="UTF-8"?>
<testsuite name="assignment3.problem1.TemplateReaderTest" tests="5" skipped="0" failures="0" errors="0" timestamp="2023-03-14T05:27:56" hostname="Jinmings-MacBook-Pro.local" time="0.002">
  <properties/>
  <testcase name="getTemplatePieces()" classname="assignment3.problem1.TemplateReaderTest" time="0.0"/>
  <testcase name="getFillIn()" classname="assignment3.problem1.TemplateReaderTest" time="0.0"/>
  <testcase name="getTemplate()" classname="assignment3.problem1.TemplateReaderTest" time="0.0"/>
  <testcase name="testHashCode()" classname="assignment3.problem1.TemplateReaderTest" time="0.001"/>
  <testcase name="testEquals()" classname="assignment3.problem1.TemplateReaderTest" time="0.0"/>
  <system-out><![CDATA[]]></system-out>
  <system-err><![CDATA[]]></system-err>
</testsuite>
