<?xml version="1.0" encoding="UTF-8"?>
<testsuite name="assignment3.problem1.ArgumentParserTest" tests="4" skipped="0" failures="0" errors="0" timestamp="2023-03-14T05:27:55" hostname="Jinmings-MacBook-Pro.local" time="0.017">
  <properties/>
  <testcase name="getArguments()" classname="assignment3.problem1.ArgumentParserTest" time="0.013"/>
  <testcase name="testGetArguments()" classname="assignment3.problem1.ArgumentParserTest" time="0.001"/>
  <testcase name="testHashCode()" classname="assignment3.problem1.ArgumentParserTest" time="0.0"/>
  <testcase name="testEquals()" classname="assignment3.problem1.ArgumentParserTest" time="0.0"/>
  <system-out><![CDATA[]]></system-out>
  <system-err><![CDATA[]]></system-err>
</testsuite>
