<?xml version="1.0" encoding="UTF-8"?>
<testsuite name="assignment3.problem1.MainTest" tests="2" skipped="0" failures="0" errors="0" timestamp="2023-03-14T05:27:56" hostname="Jinmings-MacBook-Pro.local" time="0.111">
  <properties/>
  <testcase name="main_givenValidArguments_generatesFiles()" classname="assignment3.problem1.MainTest" time="0.107"/>
  <testcase name="main_givenInvalidArguments_printsUsage()" classname="assignment3.problem1.MainTest" time="0.004"/>
  <system-out><![CDATA[]]></system-out>
  <system-err><![CDATA[Invalid argument: --invalid-argument
]]></system-err>
</testsuite>
