<?xml version="1.0" encoding="UTF-8"?>
<testsuite name="problem1.NameTest" tests="6" skipped="0" failures="0" errors="0" timestamp="2023-02-11T07:37:09" hostname="Jinmings-MacBook-Pro.local" time="0.003">
  <properties/>
  <testcase name="getMiddleName()" classname="problem1.NameTest" time="0.001"/>
  <testcase name="testToString()" classname="problem1.NameTest" time="0.0"/>
  <testcase name="getFirstName()" classname="problem1.NameTest" time="0.0"/>
  <testcase name="getLastName()" classname="problem1.NameTest" time="0.0"/>
  <testcase name="testHashCode()" classname="problem1.NameTest" time="0.0"/>
  <testcase name="testEquals()" classname="problem1.NameTest" time="0.0"/>
  <system-out><![CDATA[]]></system-out>
  <system-err><![CDATA[]]></system-err>
</testsuite>
