<?xml version="1.0" encoding="UTF-8"?>
<testsuite name="problem1.BaseballPlayerTest" tests="6" skipped="0" failures="0" errors="0" timestamp="2023-02-11T07:37:09" hostname="Jinmings-MacBook-Pro.local" time="0.005">
  <properties/>
  <testcase name="testToString()" classname="problem1.BaseballPlayerTest" time="0.002"/>
  <testcase name="getSeasonHomeRuns()" classname="problem1.BaseballPlayerTest" time="0.0"/>
  <testcase name="getTeam()" classname="problem1.BaseballPlayerTest" time="0.0"/>
  <testcase name="testHashCode()" classname="problem1.BaseballPlayerTest" time="0.0"/>
  <testcase name="getAverageBatting()" classname="problem1.BaseballPlayerTest" time="0.001"/>
  <testcase name="testEquals()" classname="problem1.BaseballPlayerTest" time="0.0"/>
  <system-out><![CDATA[]]></system-out>
  <system-err><![CDATA[]]></system-err>
</testsuite>
